app/build/intermediates/manifest_merge_blame_file/release/processReleaseMainManifest/manifest-merger-blame-release-report.txt
1<?xml version="1.0" encoding="utf-8"?>
2<manifest xmlns:android="http://schemas.android.com/apk/res/android"
3    package="com.srivyaradio.app"
4    android:versionCode="53"
5    android:versionName="3.0-prod" >
6
7    <uses-sdk
8        android:minSdkVersion="24"
9        android:targetSdkVersion="36" />
10
11    <uses-permission android:name="android.permission.INTERNET" />
11-->src\main\AndroidManifest.xml:4:5-67
11-->src\main\AndroidManifest.xml:4:22-64
12    <uses-permission android:name="android.permission.ACCESS_NETWORK_STATE" />
12-->src\main\AndroidManifest.xml:5:5-79
12-->src\main\AndroidManifest.xml:5:22-76
13    <uses-permission android:name="android.permission.FOREGROUND_SERVICE" />
13-->src\main\AndroidManifest.xml:6:5-77
13-->src\main\AndroidManifest.xml:6:22-74
14    <uses-permission android:name="android.permission.FOREGROUND_SERVICE_MEDIA_PLAYBACK" />
14-->src\main\AndroidManifest.xml:7:5-92
14-->src\main\AndroidManifest.xml:7:22-89
15    <uses-permission android:name="android.permission.POST_NOTIFICATIONS" />
15-->src\main\AndroidManifest.xml:8:5-98
15-->src\main\AndroidManifest.xml:8:22-74
16    <uses-permission android:name="com.android.vending.BILLING" />
16-->src\main\AndroidManifest.xml:9:5-67
16-->src\main\AndroidManifest.xml:9:22-64
17    <uses-permission android:name="com.android.launcher.permission.INSTALL_SHORTCUT" />
17-->src\main\AndroidManifest.xml:10:5-88
17-->src\main\AndroidManifest.xml:10:22-85
18    <uses-permission android:name="android.permission.MANAGE_SHORTCUTS" />
18-->src\main\AndroidManifest.xml:11:5-75
18-->src\main\AndroidManifest.xml:11:22-72
19    <uses-permission android:name="android.permission.MANAGE_PIN_SHORTCUTS" />
19-->src\main\AndroidManifest.xml:12:5-79
19-->src\main\AndroidManifest.xml:12:22-76
20    <uses-permission android:name="com.google.android.gms.permission.AD_ID" />
20-->src\main\AndroidManifest.xml:13:5-79
20-->src\main\AndroidManifest.xml:13:22-76
21    <uses-permission android:name="android.permission.ACCESS_ADSERVICES_ATTRIBUTION" />
21-->[com.google.ads.interactivemedia.v3:interactivemedia:3.35.1] AndroidManifest.xml:14:5-88
21-->[com.google.ads.interactivemedia.v3:interactivemedia:3.35.1] AndroidManifest.xml:14:22-85
22    <uses-permission android:name="android.permission.ACCESS_ADSERVICES_AD_ID" />
22-->[com.google.ads.interactivemedia.v3:interactivemedia:3.35.1] AndroidManifest.xml:15:5-82
22-->[com.google.ads.interactivemedia.v3:interactivemedia:3.35.1] AndroidManifest.xml:15:22-79
23    <uses-permission android:name="android.permission.AD_SERVICES_CONFIG" />
23-->[com.google.ads.interactivemedia.v3:interactivemedia:3.35.1] AndroidManifest.xml:16:5-77
23-->[com.google.ads.interactivemedia.v3:interactivemedia:3.35.1] AndroidManifest.xml:16:22-74
24
25    <queries>
25-->[com.google.ads.interactivemedia.v3:interactivemedia:3.35.1] AndroidManifest.xml:18:5-29:15
26        <intent>
26-->[com.google.ads.interactivemedia.v3:interactivemedia:3.35.1] AndroidManifest.xml:19:9-23:18
27            <action android:name="android.intent.action.VIEW" />
27-->src\main\AndroidManifest.xml:49:17-69
27-->src\main\AndroidManifest.xml:49:25-66
28
29            <data android:scheme="https" />
29-->src\main\AndroidManifest.xml:53:17-54:47
29-->src\main\AndroidManifest.xml:53:23-49
30        </intent>
31        <intent>
31-->[com.google.ads.interactivemedia.v3:interactivemedia:3.35.1] AndroidManifest.xml:24:9-28:18
32            <action android:name="android.intent.action.VIEW" />
32-->src\main\AndroidManifest.xml:49:17-69
32-->src\main\AndroidManifest.xml:49:25-66
33
34            <data android:scheme="http" />
34-->src\main\AndroidManifest.xml:53:17-54:47
34-->src\main\AndroidManifest.xml:53:23-49
35        </intent>
36
37        <package android:name="com.google.android.apps.tv.launcherx" />
37-->[com.google.android.tv:tv-ads:1.0.0] AndroidManifest.xml:22:9-72
37-->[com.google.android.tv:tv-ads:1.0.0] AndroidManifest.xml:22:18-69
38        <package android:name="com.google.android.tvlauncher" />
38-->[com.google.android.tv:tv-ads:1.0.0] AndroidManifest.xml:23:9-65
38-->[com.google.android.tv:tv-ads:1.0.0] AndroidManifest.xml:23:18-62
39        <package android:name="com.google.android.tvrecommendations" /> <!-- For browser content -->
39-->[com.google.android.tv:tv-ads:1.0.0] AndroidManifest.xml:24:9-72
39-->[com.google.android.tv:tv-ads:1.0.0] AndroidManifest.xml:24:18-69
40        <intent>
40-->[com.google.android.gms:play-services-ads-api:24.5.0] AndroidManifest.xml:38:9-44:18
41            <action android:name="android.intent.action.VIEW" />
41-->src\main\AndroidManifest.xml:49:17-69
41-->src\main\AndroidManifest.xml:49:25-66
42
43            <category android:name="android.intent.category.BROWSABLE" />
43-->src\main\AndroidManifest.xml:51:17-78
43-->src\main\AndroidManifest.xml:51:27-75
44
45            <data android:scheme="https" />
45-->src\main\AndroidManifest.xml:53:17-54:47
45-->src\main\AndroidManifest.xml:53:23-49
46        </intent> <!-- End of browser content -->
47        <!-- For CustomTabsService -->
48        <intent>
48-->[com.google.android.gms:play-services-ads-api:24.5.0] AndroidManifest.xml:47:9-49:18
49            <action android:name="android.support.customtabs.action.CustomTabsService" />
49-->[com.google.android.gms:play-services-ads-api:24.5.0] AndroidManifest.xml:48:13-90
49-->[com.google.android.gms:play-services-ads-api:24.5.0] AndroidManifest.xml:48:21-87
50        </intent> <!-- End of CustomTabsService -->
51        <!-- For MRAID capabilities -->
52        <intent>
52-->[com.google.android.gms:play-services-ads-api:24.5.0] AndroidManifest.xml:52:9-56:18
53            <action android:name="android.intent.action.INSERT" />
53-->[com.google.android.gms:play-services-ads-api:24.5.0] AndroidManifest.xml:53:13-67
53-->[com.google.android.gms:play-services-ads-api:24.5.0] AndroidManifest.xml:53:21-64
54
55            <data android:mimeType="vnd.android.cursor.dir/event" />
55-->src\main\AndroidManifest.xml:53:17-54:47
56        </intent>
57        <intent>
57-->[com.google.android.gms:play-services-ads-api:24.5.0] AndroidManifest.xml:57:9-61:18
58            <action android:name="android.intent.action.VIEW" />
58-->src\main\AndroidManifest.xml:49:17-69
58-->src\main\AndroidManifest.xml:49:25-66
59
60            <data android:scheme="sms" />
60-->src\main\AndroidManifest.xml:53:17-54:47
60-->src\main\AndroidManifest.xml:53:23-49
61        </intent>
62        <intent>
62-->[com.google.android.gms:play-services-ads-api:24.5.0] AndroidManifest.xml:62:9-66:18
63            <action android:name="android.intent.action.DIAL" />
63-->[com.google.android.gms:play-services-ads-api:24.5.0] AndroidManifest.xml:63:13-65
63-->[com.google.android.gms:play-services-ads-api:24.5.0] AndroidManifest.xml:63:21-62
64
65            <data android:path="tel:" />
65-->src\main\AndroidManifest.xml:53:17-54:47
66        </intent>
67        <intent>
67-->[com.android.billingclient:billing:6.0.1] AndroidManifest.xml:13:9-15:18
68            <action android:name="com.android.vending.billing.InAppBillingService.BIND" />
68-->[com.android.billingclient:billing:6.0.1] AndroidManifest.xml:14:13-91
68-->[com.android.billingclient:billing:6.0.1] AndroidManifest.xml:14:21-88
69        </intent>
70    </queries>
71
72    <uses-feature
72-->[com.google.android.tv:tv-ads:1.0.0] AndroidManifest.xml:11:5-13:36
73        android:name="android.software.leanback"
73-->[com.google.android.tv:tv-ads:1.0.0] AndroidManifest.xml:12:9-49
74        android:required="false" />
74-->[com.google.android.tv:tv-ads:1.0.0] AndroidManifest.xml:13:9-33
75    <uses-feature
75-->[com.google.android.tv:tv-ads:1.0.0] AndroidManifest.xml:14:5-16:36
76        android:name="android.hardware.touchscreen"
76-->[com.google.android.tv:tv-ads:1.0.0] AndroidManifest.xml:15:9-52
77        android:required="false" />
77-->[com.google.android.tv:tv-ads:1.0.0] AndroidManifest.xml:16:9-33
78
79    <uses-permission android:name="android.permission.ACCESS_ADSERVICES_TOPICS" />
79-->[com.google.android.gms:play-services-ads-api:24.5.0] AndroidManifest.xml:29:5-83
79-->[com.google.android.gms:play-services-ads-api:24.5.0] AndroidManifest.xml:29:22-80
80    <uses-permission android:name="android.permission.WAKE_LOCK" /> <!-- Required by older versions of Google Play services to create GCM registration tokens -->
80-->[com.google.android.gms:play-services-measurement-api:23.0.0] AndroidManifest.xml:24:5-68
80-->[com.google.android.gms:play-services-measurement-api:23.0.0] AndroidManifest.xml:24:22-65
81    <uses-permission android:name="com.google.android.c2dm.permission.RECEIVE" />
81-->[com.google.android.gms:play-services-gcm:17.0.0] AndroidManifest.xml:23:5-82
81-->[com.google.android.gms:play-services-gcm:17.0.0] AndroidManifest.xml:23:22-79
82    <uses-permission android:name="com.google.android.finsky.permission.BIND_GET_INSTALL_REFERRER_SERVICE" />
82-->[com.google.android.gms:play-services-measurement:23.0.0] AndroidManifest.xml:26:5-110
82-->[com.google.android.gms:play-services-measurement:23.0.0] AndroidManifest.xml:26:22-107
83
84    <permission
84-->[androidx.core:core:1.16.0] AndroidManifest.xml:22:5-24:47
85        android:name="com.srivyaradio.app.DYNAMIC_RECEIVER_NOT_EXPORTED_PERMISSION"
85-->[androidx.core:core:1.16.0] AndroidManifest.xml:23:9-81
86        android:protectionLevel="signature" />
86-->[androidx.core:core:1.16.0] AndroidManifest.xml:24:9-44
87
88    <uses-permission android:name="com.srivyaradio.app.DYNAMIC_RECEIVER_NOT_EXPORTED_PERMISSION" />
88-->[androidx.core:core:1.16.0] AndroidManifest.xml:26:5-97
88-->[androidx.core:core:1.16.0] AndroidManifest.xml:26:22-94
89    <uses-permission android:name="android.permission.REORDER_TASKS" />
89-->[androidx.test:core:1.5.0] AndroidManifest.xml:24:5-72
89-->[androidx.test:core:1.5.0] AndroidManifest.xml:24:22-69
90
91    <application
91-->src\main\AndroidManifest.xml:14:5-84:19
92        android:allowBackup="true"
92-->src\main\AndroidManifest.xml:15:9-35
93        android:appComponentFactory="androidx.core.app.CoreComponentFactory"
93-->[androidx.core:core:1.16.0] AndroidManifest.xml:28:18-86
94        android:dataExtractionRules="@xml/data_extraction_rules"
94-->src\main\AndroidManifest.xml:16:9-65
95        android:enableOnBackInvokedCallback="true"
95-->src\main\AndroidManifest.xml:19:9-51
96        android:extractNativeLibs="false"
97        android:fullBackupContent="@xml/backup_rules"
97-->src\main\AndroidManifest.xml:17:9-54
98        android:icon="@mipmap/ic_launcher"
98-->src\main\AndroidManifest.xml:20:9-43
99        android:label="@string/app_name"
99-->src\main\AndroidManifest.xml:21:9-41
100        android:roundIcon="@mipmap/ic_launcher_round"
100-->src\main\AndroidManifest.xml:22:9-54
101        android:supportsRtl="true"
101-->src\main\AndroidManifest.xml:23:9-35
102        android:theme="@style/Theme.RadioTimeV3"
102-->src\main\AndroidManifest.xml:24:9-49
103        android:usesCleartextTraffic="true" >
103-->src\main\AndroidManifest.xml:18:9-44
104        <meta-data
104-->src\main\AndroidManifest.xml:25:9-27:46
105            android:name="com.google.android.gms.ads.APPLICATION_ID"
105-->src\main\AndroidManifest.xml:26:13-69
106            android:value="@string/app_id" />
106-->src\main\AndroidManifest.xml:27:13-43
107
108        <activity
108-->src\main\AndroidManifest.xml:29:9-38:20
109            android:name="com.app.srivyaradio.ui.splash.SplashActivity"
109-->src\main\AndroidManifest.xml:30:13-53
110            android:exported="true"
110-->src\main\AndroidManifest.xml:31:13-36
111            android:screenOrientation="portrait"
111-->src\main\AndroidManifest.xml:33:13-49
112            android:theme="@style/Theme.RadioTimeV3.FullScreen" >
112-->src\main\AndroidManifest.xml:32:13-64
113            <intent-filter>
113-->src\main\AndroidManifest.xml:34:13-37:29
114                <action android:name="android.intent.action.MAIN" />
114-->src\main\AndroidManifest.xml:35:17-69
114-->src\main\AndroidManifest.xml:35:25-66
115
116                <category android:name="android.intent.category.LAUNCHER" />
116-->src\main\AndroidManifest.xml:36:17-77
116-->src\main\AndroidManifest.xml:36:27-74
117            </intent-filter>
118        </activity>
119        <activity
119-->src\main\AndroidManifest.xml:40:9-56:20
120            android:name="com.app.srivyaradio.MainActivity"
120-->src\main\AndroidManifest.xml:41:13-41
121            android:exported="false"
121-->src\main\AndroidManifest.xml:42:13-37
122            android:theme="@style/Theme.RadioTimeV3" >
122-->src\main\AndroidManifest.xml:43:13-53
123            <intent-filter>
123-->src\main\AndroidManifest.xml:44:13-47:29
124                <action android:name="android.media.action.MEDIA_PLAY_FROM_SEARCH" />
124-->src\main\AndroidManifest.xml:45:17-86
124-->src\main\AndroidManifest.xml:45:25-83
125
126                <category android:name="android.intent.category.DEFAULT" />
126-->src\main\AndroidManifest.xml:46:17-76
126-->src\main\AndroidManifest.xml:46:27-73
127            </intent-filter>
128            <intent-filter android:autoVerify="true" >
128-->src\main\AndroidManifest.xml:48:13-55:29
128-->src\main\AndroidManifest.xml:48:28-53
129                <action android:name="android.intent.action.VIEW" />
129-->src\main\AndroidManifest.xml:49:17-69
129-->src\main\AndroidManifest.xml:49:25-66
130
131                <category android:name="android.intent.category.DEFAULT" />
131-->src\main\AndroidManifest.xml:46:17-76
131-->src\main\AndroidManifest.xml:46:27-73
132                <category android:name="android.intent.category.BROWSABLE" />
132-->src\main\AndroidManifest.xml:51:17-78
132-->src\main\AndroidManifest.xml:51:27-75
133
134                <data
134-->src\main\AndroidManifest.xml:53:17-54:47
135                    android:host="shortcut"
135-->src\main\AndroidManifest.xml:54:21-44
136                    android:scheme="radiotime" />
136-->src\main\AndroidManifest.xml:53:23-49
137            </intent-filter>
138        </activity>
139
140        <service
140-->src\main\AndroidManifest.xml:57:9-79:19
141            android:name="com.app.srivyaradio.media.PlayerService"
141-->src\main\AndroidManifest.xml:58:13-48
142            android:exported="true"
142-->src\main\AndroidManifest.xml:59:13-36
143            android:foregroundServiceType="mediaPlayback" >
143-->src\main\AndroidManifest.xml:60:13-58
144            <intent-filter>
144-->src\main\AndroidManifest.xml:61:13-64:29
145                <action android:name="androidx.media3.session.MediaLibraryService" />
145-->src\main\AndroidManifest.xml:62:17-86
145-->src\main\AndroidManifest.xml:62:25-83
146                <action android:name="android.media.browse.MediaBrowserService" />
146-->src\main\AndroidManifest.xml:63:17-83
146-->src\main\AndroidManifest.xml:63:25-80
147            </intent-filter>
148
149            <!-- Android Auto metadata -->
150            <meta-data
150-->src\main\AndroidManifest.xml:67:13-69:40
151                android:name="android.media.browse.CONTENT_STYLE_SUPPORTED"
151-->src\main\AndroidManifest.xml:68:17-76
152                android:value="true" />
152-->src\main\AndroidManifest.xml:69:17-37
153            <meta-data
153-->src\main\AndroidManifest.xml:70:13-72:37
154                android:name="android.media.browse.CONTENT_STYLE_PLAYABLE_HINT"
154-->src\main\AndroidManifest.xml:71:17-80
155                android:value="1" />
155-->src\main\AndroidManifest.xml:72:17-34
156            <meta-data
156-->src\main\AndroidManifest.xml:73:13-75:37
157                android:name="android.media.browse.CONTENT_STYLE_BROWSABLE_HINT"
157-->src\main\AndroidManifest.xml:74:17-81
158                android:value="2" />
158-->src\main\AndroidManifest.xml:75:17-34
159            <meta-data
159-->src\main\AndroidManifest.xml:76:13-78:60
160                android:name="android.media.browse.CAR_ROOT"
160-->src\main\AndroidManifest.xml:77:17-61
161                android:value="@xml/automotive_app_desc" />
161-->src\main\AndroidManifest.xml:78:17-57
162        </service>
163
164        <meta-data
164-->src\main\AndroidManifest.xml:81:9-83:59
165            android:name="com.google.android.gms.car.application"
165-->src\main\AndroidManifest.xml:82:13-66
166            android:resource="@xml/automotive_app_desc" />
166-->src\main\AndroidManifest.xml:83:13-56
167        <meta-data
167-->[androidx.media3:media3-exoplayer-ima:1.8.0] AndroidManifest.xml:23:9-25:36
168            android:name="com.google.android.gms.ads.AD_MANAGER_APP"
168-->[androidx.media3:media3-exoplayer-ima:1.8.0] AndroidManifest.xml:24:13-69
169            android:value="true" />
169-->[androidx.media3:media3-exoplayer-ima:1.8.0] AndroidManifest.xml:25:13-33
170        <meta-data
170-->[androidx.media3:media3-exoplayer-ima:1.8.0] AndroidManifest.xml:26:9-28:69
171            android:name="com.google.android.gms.version"
171-->[androidx.media3:media3-exoplayer-ima:1.8.0] AndroidManifest.xml:27:13-58
172            android:value="@integer/google_play_services_version" />
172-->[androidx.media3:media3-exoplayer-ima:1.8.0] AndroidManifest.xml:28:13-66
173
174        <activity
174-->[com.google.android.tv:tv-ads:1.0.0] AndroidManifest.xml:28:9-32:20
175            android:name="com.google.android.tv.ads.controls.FallbackImageActivity"
175-->[com.google.android.tv:tv-ads:1.0.0] AndroidManifest.xml:29:13-84
176            android:exported="false"
176-->[com.google.android.tv:tv-ads:1.0.0] AndroidManifest.xml:30:13-37
177            android:theme="@style/Theme.AppCompat.NoActionBar.Translucent" >
177-->[com.google.android.tv:tv-ads:1.0.0] AndroidManifest.xml:31:13-75
178        </activity> <!-- Include the AdActivity and InAppPurchaseActivity configChanges and themes. -->
179        <activity
179-->[com.google.android.gms:play-services-ads-api:24.5.0] AndroidManifest.xml:73:9-78:43
180            android:name="com.google.android.gms.ads.AdActivity"
180-->[com.google.android.gms:play-services-ads-api:24.5.0] AndroidManifest.xml:74:13-65
181            android:configChanges="keyboard|keyboardHidden|orientation|screenLayout|uiMode|screenSize|smallestScreenSize"
181-->[com.google.android.gms:play-services-ads-api:24.5.0] AndroidManifest.xml:75:13-122
182            android:exported="false"
182-->[com.google.android.gms:play-services-ads-api:24.5.0] AndroidManifest.xml:76:13-37
183            android:theme="@android:style/Theme.Translucent" />
183-->[com.google.android.gms:play-services-ads-api:24.5.0] AndroidManifest.xml:77:13-61
184
185        <provider
185-->[com.google.android.gms:play-services-ads-api:24.5.0] AndroidManifest.xml:80:9-85:43
186            android:name="com.google.android.gms.ads.MobileAdsInitProvider"
186-->[com.google.android.gms:play-services-ads-api:24.5.0] AndroidManifest.xml:81:13-76
187            android:authorities="com.srivyaradio.app.mobileadsinitprovider"
187-->[com.google.android.gms:play-services-ads-api:24.5.0] AndroidManifest.xml:82:13-73
188            android:exported="false"
188-->[com.google.android.gms:play-services-ads-api:24.5.0] AndroidManifest.xml:83:13-37
189            android:initOrder="100" />
189-->[com.google.android.gms:play-services-ads-api:24.5.0] AndroidManifest.xml:84:13-36
190
191        <service
191-->[com.google.android.gms:play-services-ads-api:24.5.0] AndroidManifest.xml:87:9-91:43
192            android:name="com.google.android.gms.ads.AdService"
192-->[com.google.android.gms:play-services-ads-api:24.5.0] AndroidManifest.xml:88:13-64
193            android:enabled="true"
193-->[com.google.android.gms:play-services-ads-api:24.5.0] AndroidManifest.xml:89:13-35
194            android:exported="false" />
194-->[com.google.android.gms:play-services-ads-api:24.5.0] AndroidManifest.xml:90:13-37
195
196        <activity
196-->[com.google.android.gms:play-services-ads-api:24.5.0] AndroidManifest.xml:93:9-97:43
197            android:name="com.google.android.gms.ads.OutOfContextTestingActivity"
197-->[com.google.android.gms:play-services-ads-api:24.5.0] AndroidManifest.xml:94:13-82
198            android:configChanges="keyboard|keyboardHidden|orientation|screenLayout|uiMode|screenSize|smallestScreenSize"
198-->[com.google.android.gms:play-services-ads-api:24.5.0] AndroidManifest.xml:95:13-122
199            android:exported="false" />
199-->[com.google.android.gms:play-services-ads-api:24.5.0] AndroidManifest.xml:96:13-37
200        <activity
200-->[com.google.android.gms:play-services-ads-api:24.5.0] AndroidManifest.xml:98:9-105:43
201            android:name="com.google.android.gms.ads.NotificationHandlerActivity"
201-->[com.google.android.gms:play-services-ads-api:24.5.0] AndroidManifest.xml:99:13-82
202            android:excludeFromRecents="true"
202-->[com.google.android.gms:play-services-ads-api:24.5.0] AndroidManifest.xml:100:13-46
203            android:exported="false"
203-->[com.google.android.gms:play-services-ads-api:24.5.0] AndroidManifest.xml:101:13-37
204            android:launchMode="singleTask"
204-->[com.google.android.gms:play-services-ads-api:24.5.0] AndroidManifest.xml:102:13-44
205            android:taskAffinity=""
205-->[com.google.android.gms:play-services-ads-api:24.5.0] AndroidManifest.xml:103:13-36
206            android:theme="@android:style/Theme.Translucent.NoTitleBar" />
206-->[com.google.android.gms:play-services-ads-api:24.5.0] AndroidManifest.xml:104:13-72
207
208        <meta-data
208-->[com.google.android.gms:play-services-ads-api:24.5.0] AndroidManifest.xml:107:9-109:36
209            android:name="com.google.android.gms.ads.flag.OPTIMIZE_AD_LOADING"
209-->[com.google.android.gms:play-services-ads-api:24.5.0] AndroidManifest.xml:108:13-79
210            android:value="true" />
210-->[com.google.android.gms:play-services-ads-api:24.5.0] AndroidManifest.xml:109:13-33
211        <meta-data
211-->[com.google.android.gms:play-services-ads-api:24.5.0] AndroidManifest.xml:110:9-112:36
212            android:name="com.google.android.gms.ads.flag.OPTIMIZE_INITIALIZATION"
212-->[com.google.android.gms:play-services-ads-api:24.5.0] AndroidManifest.xml:111:13-83
213            android:value="true" />
213-->[com.google.android.gms:play-services-ads-api:24.5.0] AndroidManifest.xml:112:13-33
214
215        <service
215-->[com.google.firebase:firebase-crashlytics:20.0.0] AndroidManifest.xml:12:9-21:19
216            android:name="com.google.firebase.components.ComponentDiscoveryService"
216-->[com.google.firebase:firebase-crashlytics:20.0.0] AndroidManifest.xml:13:13-84
217            android:directBootAware="true"
217-->[com.google.firebase:firebase-common:22.0.0] AndroidManifest.xml:32:13-43
218            android:exported="false" >
218-->[com.google.firebase:firebase-crashlytics:20.0.0] AndroidManifest.xml:14:13-37
219            <meta-data
219-->[com.google.firebase:firebase-crashlytics:20.0.0] AndroidManifest.xml:15:13-17:85
220                android:name="com.google.firebase.components:com.google.firebase.crashlytics.FirebaseCrashlyticsKtxRegistrar"
220-->[com.google.firebase:firebase-crashlytics:20.0.0] AndroidManifest.xml:16:17-126
221                android:value="com.google.firebase.components.ComponentRegistrar" />
221-->[com.google.firebase:firebase-crashlytics:20.0.0] AndroidManifest.xml:17:17-82
222            <meta-data
222-->[com.google.firebase:firebase-crashlytics:20.0.0] AndroidManifest.xml:18:13-20:85
223                android:name="com.google.firebase.components:com.google.firebase.crashlytics.CrashlyticsRegistrar"
223-->[com.google.firebase:firebase-crashlytics:20.0.0] AndroidManifest.xml:19:17-115
224                android:value="com.google.firebase.components.ComponentRegistrar" />
224-->[com.google.firebase:firebase-crashlytics:20.0.0] AndroidManifest.xml:20:17-82
225            <meta-data
225-->[com.google.firebase:firebase-sessions:3.0.0] AndroidManifest.xml:25:13-27:85
226                android:name="com.google.firebase.components:com.google.firebase.sessions.FirebaseSessionsRegistrar"
226-->[com.google.firebase:firebase-sessions:3.0.0] AndroidManifest.xml:26:17-117
227                android:value="com.google.firebase.components.ComponentRegistrar" />
227-->[com.google.firebase:firebase-sessions:3.0.0] AndroidManifest.xml:27:17-82
228            <meta-data
228-->[com.google.android.gms:play-services-measurement-api:23.0.0] AndroidManifest.xml:33:13-35:85
229                android:name="com.google.firebase.components:com.google.firebase.analytics.connector.internal.AnalyticsConnectorRegistrar"
229-->[com.google.android.gms:play-services-measurement-api:23.0.0] AndroidManifest.xml:34:17-139
230                android:value="com.google.firebase.components.ComponentRegistrar" />
230-->[com.google.android.gms:play-services-measurement-api:23.0.0] AndroidManifest.xml:35:17-82
231            <meta-data
231-->[com.google.firebase:firebase-installations:18.0.0] AndroidManifest.xml:15:13-17:85
232                android:name="com.google.firebase.components:com.google.firebase.installations.FirebaseInstallationsKtxRegistrar"
232-->[com.google.firebase:firebase-installations:18.0.0] AndroidManifest.xml:16:17-130
233                android:value="com.google.firebase.components.ComponentRegistrar" />
233-->[com.google.firebase:firebase-installations:18.0.0] AndroidManifest.xml:17:17-82
234            <meta-data
234-->[com.google.firebase:firebase-installations:18.0.0] AndroidManifest.xml:18:13-20:85
235                android:name="com.google.firebase.components:com.google.firebase.installations.FirebaseInstallationsRegistrar"
235-->[com.google.firebase:firebase-installations:18.0.0] AndroidManifest.xml:19:17-127
236                android:value="com.google.firebase.components.ComponentRegistrar" />
236-->[com.google.firebase:firebase-installations:18.0.0] AndroidManifest.xml:20:17-82
237            <meta-data
237-->[com.google.firebase:firebase-common-ktx:21.0.0] AndroidManifest.xml:12:13-14:85
238                android:name="com.google.firebase.components:com.google.firebase.ktx.FirebaseCommonLegacyRegistrar"
238-->[com.google.firebase:firebase-common-ktx:21.0.0] AndroidManifest.xml:13:17-116
239                android:value="com.google.firebase.components.ComponentRegistrar" />
239-->[com.google.firebase:firebase-common-ktx:21.0.0] AndroidManifest.xml:14:17-82
240            <meta-data
240-->[com.google.firebase:firebase-common:22.0.0] AndroidManifest.xml:35:13-37:85
241                android:name="com.google.firebase.components:com.google.firebase.FirebaseCommonKtxRegistrar"
241-->[com.google.firebase:firebase-common:22.0.0] AndroidManifest.xml:36:17-109
242                android:value="com.google.firebase.components.ComponentRegistrar" />
242-->[com.google.firebase:firebase-common:22.0.0] AndroidManifest.xml:37:17-82
243            <meta-data
243-->[com.google.firebase:firebase-datatransport:19.0.0] AndroidManifest.xml:25:13-27:85
244                android:name="com.google.firebase.components:com.google.firebase.datatransport.TransportRegistrar"
244-->[com.google.firebase:firebase-datatransport:19.0.0] AndroidManifest.xml:26:17-115
245                android:value="com.google.firebase.components.ComponentRegistrar" />
245-->[com.google.firebase:firebase-datatransport:19.0.0] AndroidManifest.xml:27:17-82
246        </service>
247
248        <provider
248-->[com.google.firebase:firebase-common:22.0.0] AndroidManifest.xml:23:9-28:39
249            android:name="com.google.firebase.provider.FirebaseInitProvider"
249-->[com.google.firebase:firebase-common:22.0.0] AndroidManifest.xml:24:13-77
250            android:authorities="com.srivyaradio.app.firebaseinitprovider"
250-->[com.google.firebase:firebase-common:22.0.0] AndroidManifest.xml:25:13-72
251            android:directBootAware="true"
251-->[com.google.firebase:firebase-common:22.0.0] AndroidManifest.xml:26:13-43
252            android:exported="false"
252-->[com.google.firebase:firebase-common:22.0.0] AndroidManifest.xml:27:13-37
253            android:initOrder="100" />
253-->[com.google.firebase:firebase-common:22.0.0] AndroidManifest.xml:28:13-36
254
255        <service
255-->[androidx.work:work-multiprocess:2.10.3] AndroidManifest.xml:24:9-27:63
256            android:name="androidx.work.multiprocess.RemoteWorkManagerService"
256-->[androidx.work:work-multiprocess:2.10.3] AndroidManifest.xml:25:13-79
257            android:exported="false" />
257-->[androidx.work:work-multiprocess:2.10.3] AndroidManifest.xml:26:13-37
258
259        <provider
259-->[androidx.work:work-runtime:2.10.3] AndroidManifest.xml:29:9-37:20
260            android:name="androidx.startup.InitializationProvider"
260-->[androidx.work:work-runtime:2.10.3] AndroidManifest.xml:30:13-67
261            android:authorities="com.srivyaradio.app.androidx-startup"
261-->[androidx.work:work-runtime:2.10.3] AndroidManifest.xml:31:13-68
262            android:exported="false" >
262-->[androidx.work:work-runtime:2.10.3] AndroidManifest.xml:32:13-37
263            <meta-data
263-->[androidx.work:work-runtime:2.10.3] AndroidManifest.xml:34:13-36:52
264                android:name="androidx.work.WorkManagerInitializer"
264-->[androidx.work:work-runtime:2.10.3] AndroidManifest.xml:35:17-68
265                android:value="androidx.startup" />
265-->[androidx.work:work-runtime:2.10.3] AndroidManifest.xml:36:17-49
266            <meta-data
266-->[androidx.emoji2:emoji2:1.3.0] AndroidManifest.xml:29:13-31:52
267                android:name="androidx.emoji2.text.EmojiCompatInitializer"
267-->[androidx.emoji2:emoji2:1.3.0] AndroidManifest.xml:30:17-75
268                android:value="androidx.startup" />
268-->[androidx.emoji2:emoji2:1.3.0] AndroidManifest.xml:31:17-49
269            <meta-data
269-->[androidx.lifecycle:lifecycle-process:2.9.2] AndroidManifest.xml:29:13-31:52
270                android:name="androidx.lifecycle.ProcessLifecycleInitializer"